[INFO  - 2017-03-10T12:27:11.498Z] GhostDriver - Main - running on port 48212
[INFO  - 2017-03-10T12:27:12.039Z] Session [e3042730-058c-11e7-a1a9-6fe4bd17aed3] - page.settings - {"XSSAuditingEnabled":false,"javascriptCanCloseWindows":true,"javascriptCanOpenWindows":true,"javascriptEnabled":true,"loadImages":true,"localToRemoteUrlAccessEnabled":false,"userAgent":"Mozilla/5.0 (Macintosh; Intel Mac OS X) AppleWebKit/538.1 (KHTML, like Gecko) PhantomJS/2.1.1 Safari/538.1","webSecurityEnabled":true}
[INFO  - 2017-03-10T12:27:12.039Z] Session [e3042730-058c-11e7-a1a9-6fe4bd17aed3] - page.customHeaders:  - {}
[INFO  - 2017-03-10T12:27:12.039Z] Session [e3042730-058c-11e7-a1a9-6fe4bd17aed3] - Session.negotiatedCapabilities - {"browserName":"phantomjs","version":"2.1.1","driverName":"ghostdriver","driverVersion":"1.2.0","platform":"mac-unknown-64bit","javascriptEnabled":true,"takesScreenshot":true,"handlesAlerts":false,"databaseEnabled":false,"locationContextEnabled":false,"applicationCacheEnabled":false,"browserConnectionEnabled":false,"cssSelectorsEnabled":true,"webStorageEnabled":false,"rotatable":false,"acceptSslCerts":false,"nativeEvents":true,"proxy":{"proxyType":"direct"}}
[INFO  - 2017-03-10T12:27:12.039Z] SessionManagerReqHand - _postNewSessionCommand - New Session Created: e3042730-058c-11e7-a1a9-6fe4bd17aed3
[INFO  - 2017-03-10T12:27:14.854Z] ShutdownReqHand - _handle - About to shutdown
[INFO  - 2017-03-10T12:27:16.475Z] GhostDriver - Main - running on port 30529
[INFO  - 2017-03-10T12:27:16.551Z] Session [e5b4a130-058c-11e7-a1bd-21ef1d99c18b] - page.settings - {"XSSAuditingEnabled":false,"javascriptCanCloseWindows":true,"javascriptCanOpenWindows":true,"javascriptEnabled":true,"loadImages":true,"localToRemoteUrlAccessEnabled":false,"userAgent":"Mozilla/5.0 (Macintosh; Intel Mac OS X) AppleWebKit/538.1 (KHTML, like Gecko) PhantomJS/2.1.1 Safari/538.1","webSecurityEnabled":true}
[INFO  - 2017-03-10T12:27:16.551Z] Session [e5b4a130-058c-11e7-a1bd-21ef1d99c18b] - page.customHeaders:  - {}
[INFO  - 2017-03-10T12:27:16.551Z] Session [e5b4a130-058c-11e7-a1bd-21ef1d99c18b] - Session.negotiatedCapabilities - {"browserName":"phantomjs","version":"2.1.1","driverName":"ghostdriver","driverVersion":"1.2.0","platform":"mac-unknown-64bit","javascriptEnabled":true,"takesScreenshot":true,"handlesAlerts":false,"databaseEnabled":false,"locationContextEnabled":false,"applicationCacheEnabled":false,"browserConnectionEnabled":false,"cssSelectorsEnabled":true,"webStorageEnabled":false,"rotatable":false,"acceptSslCerts":false,"nativeEvents":true,"proxy":{"proxyType":"direct"}}
[INFO  - 2017-03-10T12:27:16.551Z] SessionManagerReqHand - _postNewSessionCommand - New Session Created: e5b4a130-058c-11e7-a1bd-21ef1d99c18b
[INFO  - 2017-03-10T12:27:19.517Z] ShutdownReqHand - _handle - About to shutdown
[INFO  - 2017-03-10T13:05:21.808Z] GhostDriver - Main - running on port 10569
[INFO  - 2017-03-10T13:05:21.937Z] Session [37e6b4c0-0592-11e7-8dc6-c97f93d66027] - page.settings - {"XSSAuditingEnabled":false,"javascriptCanCloseWindows":true,"javascriptCanOpenWindows":true,"javascriptEnabled":true,"loadImages":true,"localToRemoteUrlAccessEnabled":false,"userAgent":"Mozilla/5.0 (Macintosh; Intel Mac OS X) AppleWebKit/538.1 (KHTML, like Gecko) PhantomJS/2.1.1 Safari/538.1","webSecurityEnabled":true}
[INFO  - 2017-03-10T13:05:21.937Z] Session [37e6b4c0-0592-11e7-8dc6-c97f93d66027] - page.customHeaders:  - {}
[INFO  - 2017-03-10T13:05:21.937Z] Session [37e6b4c0-0592-11e7-8dc6-c97f93d66027] - Session.negotiatedCapabilities - {"browserName":"phantomjs","version":"2.1.1","driverName":"ghostdriver","driverVersion":"1.2.0","platform":"mac-unknown-64bit","javascriptEnabled":true,"takesScreenshot":true,"handlesAlerts":false,"databaseEnabled":false,"locationContextEnabled":false,"applicationCacheEnabled":false,"browserConnectionEnabled":false,"cssSelectorsEnabled":true,"webStorageEnabled":false,"rotatable":false,"acceptSslCerts":false,"nativeEvents":true,"proxy":{"proxyType":"direct"}}
[INFO  - 2017-03-10T13:05:21.937Z] SessionManagerReqHand - _postNewSessionCommand - New Session Created: 37e6b4c0-0592-11e7-8dc6-c97f93d66027
[INFO  - 2017-03-10T13:05:23.052Z] GhostDriver - Main - running on port 29645
[INFO  - 2017-03-10T13:05:23.108Z] Session [389962f0-0592-11e7-953b-230118e60f6d] - page.settings - {"XSSAuditingEnabled":false,"javascriptCanCloseWindows":true,"javascriptCanOpenWindows":true,"javascriptEnabled":true,"loadImages":true,"localToRemoteUrlAccessEnabled":false,"userAgent":"Mozilla/5.0 (Macintosh; Intel Mac OS X) AppleWebKit/538.1 (KHTML, like Gecko) PhantomJS/2.1.1 Safari/538.1","webSecurityEnabled":true}
[INFO  - 2017-03-10T13:05:23.108Z] Session [389962f0-0592-11e7-953b-230118e60f6d] - page.customHeaders:  - {}
[INFO  - 2017-03-10T13:05:23.108Z] Session [389962f0-0592-11e7-953b-230118e60f6d] - Session.negotiatedCapabilities - {"browserName":"phantomjs","version":"2.1.1","driverName":"ghostdriver","driverVersion":"1.2.0","platform":"mac-unknown-64bit","javascriptEnabled":true,"takesScreenshot":true,"handlesAlerts":false,"databaseEnabled":false,"locationContextEnabled":false,"applicationCacheEnabled":false,"browserConnectionEnabled":false,"cssSelectorsEnabled":true,"webStorageEnabled":false,"rotatable":false,"acceptSslCerts":false,"nativeEvents":true,"proxy":{"proxyType":"direct"}}
[INFO  - 2017-03-10T13:05:23.108Z] SessionManagerReqHand - _postNewSessionCommand - New Session Created: 389962f0-0592-11e7-953b-230118e60f6d
[INFO  - 2017-03-10T13:05:24.241Z] GhostDriver - Main - running on port 11624
[INFO  - 2017-03-10T13:05:24.311Z] Session [3950f320-0592-11e7-ab36-47679f8b426d] - page.settings - {"XSSAuditingEnabled":false,"javascriptCanCloseWindows":true,"javascriptCanOpenWindows":true,"javascriptEnabled":true,"loadImages":true,"localToRemoteUrlAccessEnabled":false,"userAgent":"Mozilla/5.0 (Macintosh; Intel Mac OS X) AppleWebKit/538.1 (KHTML, like Gecko) PhantomJS/2.1.1 Safari/538.1","webSecurityEnabled":true}
[INFO  - 2017-03-10T13:05:24.311Z] Session [3950f320-0592-11e7-ab36-47679f8b426d] - page.customHeaders:  - {}
[INFO  - 2017-03-10T13:05:24.311Z] Session [3950f320-0592-11e7-ab36-47679f8b426d] - Session.negotiatedCapabilities - {"browserName":"phantomjs","version":"2.1.1","driverName":"ghostdriver","driverVersion":"1.2.0","platform":"mac-unknown-64bit","javascriptEnabled":true,"takesScreenshot":true,"handlesAlerts":false,"databaseEnabled":false,"locationContextEnabled":false,"applicationCacheEnabled":false,"browserConnectionEnabled":false,"cssSelectorsEnabled":true,"webStorageEnabled":false,"rotatable":false,"acceptSslCerts":false,"nativeEvents":true,"proxy":{"proxyType":"direct"}}
[INFO  - 2017-03-10T13:05:24.311Z] SessionManagerReqHand - _postNewSessionCommand - New Session Created: 3950f320-0592-11e7-ab36-47679f8b426d
[INFO  - 2017-03-10T13:05:25.450Z] GhostDriver - Main - running on port 14990
[INFO  - 2017-03-10T13:05:25.516Z] Session [3a08f880-0592-11e7-811f-45271d78ddc7] - page.settings - {"XSSAuditingEnabled":false,"javascriptCanCloseWindows":true,"javascriptCanOpenWindows":true,"javascriptEnabled":true,"loadImages":true,"localToRemoteUrlAccessEnabled":false,"userAgent":"Mozilla/5.0 (Macintosh; Intel Mac OS X) AppleWebKit/538.1 (KHTML, like Gecko) PhantomJS/2.1.1 Safari/538.1","webSecurityEnabled":true}
[INFO  - 2017-03-10T13:05:25.516Z] Session [3a08f880-0592-11e7-811f-45271d78ddc7] - page.customHeaders:  - {}
[INFO  - 2017-03-10T13:05:25.516Z] Session [3a08f880-0592-11e7-811f-45271d78ddc7] - Session.negotiatedCapabilities - {"browserName":"phantomjs","version":"2.1.1","driverName":"ghostdriver","driverVersion":"1.2.0","platform":"mac-unknown-64bit","javascriptEnabled":true,"takesScreenshot":true,"handlesAlerts":false,"databaseEnabled":false,"locationContextEnabled":false,"applicationCacheEnabled":false,"browserConnectionEnabled":false,"cssSelectorsEnabled":true,"webStorageEnabled":false,"rotatable":false,"acceptSslCerts":false,"nativeEvents":true,"proxy":{"proxyType":"direct"}}
[INFO  - 2017-03-10T13:05:25.516Z] SessionManagerReqHand - _postNewSessionCommand - New Session Created: 3a08f880-0592-11e7-811f-45271d78ddc7
[INFO  - 2017-03-10T13:05:26.784Z] GhostDriver - Main - running on port 34238
[INFO  - 2017-03-10T13:05:26.836Z] Session [3ad23bf0-0592-11e7-9b45-3b8bcb2a1d57] - page.settings - {"XSSAuditingEnabled":false,"javascriptCanCloseWindows":true,"javascriptCanOpenWindows":true,"javascriptEnabled":true,"loadImages":true,"localToRemoteUrlAccessEnabled":false,"userAgent":"Mozilla/5.0 (Macintosh; Intel Mac OS X) AppleWebKit/538.1 (KHTML, like Gecko) PhantomJS/2.1.1 Safari/538.1","webSecurityEnabled":true}
[INFO  - 2017-03-10T13:05:26.836Z] Session [3ad23bf0-0592-11e7-9b45-3b8bcb2a1d57] - page.customHeaders:  - {}
[INFO  - 2017-03-10T13:05:26.836Z] Session [3ad23bf0-0592-11e7-9b45-3b8bcb2a1d57] - Session.negotiatedCapabilities - {"browserName":"phantomjs","version":"2.1.1","driverName":"ghostdriver","driverVersion":"1.2.0","platform":"mac-unknown-64bit","javascriptEnabled":true,"takesScreenshot":true,"handlesAlerts":false,"databaseEnabled":false,"locationContextEnabled":false,"applicationCacheEnabled":false,"browserConnectionEnabled":false,"cssSelectorsEnabled":true,"webStorageEnabled":false,"rotatable":false,"acceptSslCerts":false,"nativeEvents":true,"proxy":{"proxyType":"direct"}}
[INFO  - 2017-03-10T13:05:26.836Z] SessionManagerReqHand - _postNewSessionCommand - New Session Created: 3ad23bf0-0592-11e7-9b45-3b8bcb2a1d57
[INFO  - 2017-03-10T13:10:21.818Z] SessionManagerReqHand - _cleanupWindowlessSessions - Asynchronous Sessions clean-up phase starting NOW
[INFO  - 2017-03-10T13:10:23.046Z] SessionManagerReqHand - _cleanupWindowlessSessions - Asynchronous Sessions clean-up phase starting NOW
[INFO  - 2017-03-10T13:10:24.243Z] SessionManagerReqHand - _cleanupWindowlessSessions - Asynchronous Sessions clean-up phase starting NOW
[INFO  - 2017-03-10T13:10:25.821Z] SessionManagerReqHand - _cleanupWindowlessSessions - Asynchronous Sessions clean-up phase starting NOW
[INFO  - 2017-03-10T13:10:26.818Z] SessionManagerReqHand - _cleanupWindowlessSessions - Asynchronous Sessions clean-up phase starting NOW
[INFO  - 2017-03-10T13:15:21.808Z] SessionManagerReqHand - _cleanupWindowlessSessions - Asynchronous Sessions clean-up phase starting NOW
[INFO  - 2017-03-10T13:15:23.037Z] SessionManagerReqHand - _cleanupWindowlessSessions - Asynchronous Sessions clean-up phase starting NOW
[INFO  - 2017-03-10T13:15:24.233Z] SessionManagerReqHand - _cleanupWindowlessSessions - Asynchronous Sessions clean-up phase starting NOW
[INFO  - 2017-03-10T13:15:25.812Z] SessionManagerReqHand - _cleanupWindowlessSessions - Asynchronous Sessions clean-up phase starting NOW
[INFO  - 2017-03-10T13:15:26.808Z] SessionManagerReqHand - _cleanupWindowlessSessions - Asynchronous Sessions clean-up phase starting NOW
[INFO  - 2017-03-10T13:20:21.518Z] SessionManagerReqHand - _cleanupWindowlessSessions - Asynchronous Sessions clean-up phase starting NOW
[INFO  - 2017-03-10T13:20:22.747Z] SessionManagerReqHand - _cleanupWindowlessSessions - Asynchronous Sessions clean-up phase starting NOW
[INFO  - 2017-03-10T13:20:23.945Z] SessionManagerReqHand - _cleanupWindowlessSessions - Asynchronous Sessions clean-up phase starting NOW
[INFO  - 2017-03-10T13:20:25.522Z] SessionManagerReqHand - _cleanupWindowlessSessions - Asynchronous Sessions clean-up phase starting NOW
[INFO  - 2017-03-10T13:20:26.518Z] SessionManagerReqHand - _cleanupWindowlessSessions - Asynchronous Sessions clean-up phase starting NOW
